
[10-Mar-2017 10:28:55 Europe/Berlin] Tekst
[10-Mar-2017 10:30:15 Europe/Berlin] SQLSTATE[42S22]: Column not found: 1054 Unknown column 'book_name' in 'field list'
[10-Mar-2017 10:31:10 Europe/Berlin] SQLSTATE[42000]: Syntax error or access violation: 1064 You have an error in your SQL syntax; check the manual that corresponds to your MySQL server version for the right syntax to use near 'desc) VALUES (?, ?, ?)' at line 1
[10-Mar-2017 10:32:37 Europe/Berlin] SQLSTATE[42000]: Syntax error or access violation: 1064 You have an error in your SQL syntax; check the manual that corresponds to your MySQL server version for the right syntax to use near 'desc) VALUES (?, ?, ?)' at line 1
[10-Mar-2017 10:39:01 Europe/Berlin] PHP Fatal error:  Uncaught Error: Call to undefined method Error::errorMessagePDO() in /var/www/html/bookShelf/api/src/Class/Book.php:64
Stack trace:
#0 /var/www/html/bookShelf/api/books.php(17): Book->addBook('Marek pisze ksi...', 'i spradza', 'Czy to b\xC4\x99dzie ...')
#1 {main}
  thrown in /var/www/html/bookShelf/api/src/Class/Book.php on line 64
[10-Mar-2017 10:39:10 Europe/Berlin] PHP Fatal error:  Uncaught Error: Call to undefined method Error::errorMessagePDO() in /var/www/html/bookShelf/api/src/Class/Book.php:64
Stack trace:
#0 /var/www/html/bookShelf/api/books.php(17): Book->addBook('s', 's', 's')
#1 {main}
  thrown in /var/www/html/bookShelf/api/src/Class/Book.php on line 64
[10-Mar-2017 10:39:18 Europe/Berlin] PHP Fatal error:  Uncaught Error: Call to undefined method Error::errorMessagePDO() in /var/www/html/bookShelf/api/src/Class/Book.php:64
Stack trace:
#0 /var/www/html/bookShelf/api/books.php(17): Book->addBook('s', 's', 's')
#1 {main}
  thrown in /var/www/html/bookShelf/api/src/Class/Book.php on line 64
[10-Mar-2017 10:40:08 Europe/Berlin] PHP Fatal error:  Uncaught Error: Call to undefined method Error::errorMessagePDO() in /var/www/html/bookShelf/api/src/Class/Book.php:64
Stack trace:
#0 /var/www/html/bookShelf/api/books.php(17): Book->addBook('s', 's', 's')
#1 {main}
  thrown in /var/www/html/bookShelf/api/src/Class/Book.php on line 64
[10-Mar-2017 10:40:26 Europe/Berlin] PHP Fatal error:  Uncaught Error: Call to undefined method Error::errorMessagePDO() in /var/www/html/bookShelf/api/src/Class/Book.php:64
Stack trace:
#0 /var/www/html/bookShelf/api/books.php(17): Book->addBook('a', 'a', 'a')
#1 {main}
  thrown in /var/www/html/bookShelf/api/src/Class/Book.php on line 64
[10-Mar-2017 10:44:42 Europe/Berlin] PHP Fatal error:  Uncaught Error: Class 'Book' not found in /var/www/html/bookShelf/api/books.php:11
Stack trace:
#0 {main}
  thrown in /var/www/html/bookShelf/api/books.php on line 11
[10-Mar-2017 10:45:08 Europe/Berlin] PHP Notice:  Use of undefined constant get_declared_classes - assumed 'get_declared_classes' in /var/www/html/bookShelf/api/src/config.php on line 30
[10-Mar-2017 10:45:08 Europe/Berlin] PHP Stack trace:
[10-Mar-2017 10:45:08 Europe/Berlin] PHP   1. {main}() /var/www/html/bookShelf/api/books.php:0
[10-Mar-2017 10:45:08 Europe/Berlin] PHP   2. require_once() /var/www/html/bookShelf/api/books.php:2
[10-Mar-2017 10:45:08 Europe/Berlin] 1
[10-Mar-2017 10:45:08 Europe/Berlin] PHP Fatal error:  Uncaught Error: Class 'Book' not found in /var/www/html/bookShelf/api/books.php:11
Stack trace:
#0 {main}
  thrown in /var/www/html/bookShelf/api/books.php on line 11
[10-Mar-2017 10:45:09 Europe/Berlin] PHP Notice:  Use of undefined constant get_declared_classes - assumed 'get_declared_classes' in /var/www/html/bookShelf/api/src/config.php on line 30
[10-Mar-2017 10:45:09 Europe/Berlin] PHP Stack trace:
[10-Mar-2017 10:45:09 Europe/Berlin] PHP   1. {main}() /var/www/html/bookShelf/api/books.php:0
[10-Mar-2017 10:45:09 Europe/Berlin] PHP   2. require_once() /var/www/html/bookShelf/api/books.php:2
[10-Mar-2017 10:45:09 Europe/Berlin] 1
[10-Mar-2017 10:45:09 Europe/Berlin] PHP Fatal error:  Uncaught Error: Class 'Book' not found in /var/www/html/bookShelf/api/books.php:11
Stack trace:
#0 {main}
  thrown in /var/www/html/bookShelf/api/books.php on line 11
[10-Mar-2017 10:45:35 Europe/Berlin] PHP Fatal error:  Uncaught Error: Class 'Book' not found in /var/www/html/bookShelf/api/books.php:11
Stack trace:
#0 {main}
  thrown in /var/www/html/bookShelf/api/books.php on line 11
[10-Mar-2017 10:45:50 Europe/Berlin] PHP Fatal error:  Uncaught Error: Class 'Book' not found in /var/www/html/bookShelf/api/books.php:11
Stack trace:
#0 {main}
  thrown in /var/www/html/bookShelf/api/books.php on line 11
[10-Mar-2017 10:47:21 Europe/Berlin] PHP Fatal error:  Uncaught Error: Class 'Book' not found in /var/www/html/bookShelf/api/books.php:12
Stack trace:
#0 {main}
  thrown in /var/www/html/bookShelf/api/books.php on line 12
[10-Mar-2017 10:47:31 Europe/Berlin] PHP Fatal error:  Uncaught Error: Class 'Book' not found in /var/www/html/bookShelf/api/books.php:11
Stack trace:
#0 {main}
  thrown in /var/www/html/bookShelf/api/books.php on line 11
[10-Mar-2017 10:47:57 Europe/Berlin] PHP Fatal error:  Uncaught Error: Class 'Book' not found in /var/www/html/bookShelf/api/books.php:11
Stack trace:
#0 {main}
  thrown in /var/www/html/bookShelf/api/books.php on line 11
[10-Mar-2017 10:48:51 Europe/Berlin] PHP Notice:  Use of undefined constant Book - assumed 'Book' in /var/www/html/bookShelf/api/src/config.php on line 30
[10-Mar-2017 10:48:51 Europe/Berlin] PHP Stack trace:
[10-Mar-2017 10:48:51 Europe/Berlin] PHP   1. {main}() /var/www/html/bookShelf/api/books.php:0
[10-Mar-2017 10:48:51 Europe/Berlin] PHP   2. require_once() /var/www/html/bookShelf/api/books.php:2
[10-Mar-2017 10:48:51 Europe/Berlin] PHP Fatal error:  Uncaught Error: Class 'Book' not found in /var/www/html/bookShelf/api/books.php:11
Stack trace:
#0 {main}
  thrown in /var/www/html/bookShelf/api/books.php on line 11
[10-Mar-2017 10:50:04 Europe/Berlin] PHP Notice:  Use of undefined constant Book - assumed 'Book' in /var/www/html/bookShelf/api/src/config.php on line 30
[10-Mar-2017 10:50:04 Europe/Berlin] PHP Stack trace:
[10-Mar-2017 10:50:04 Europe/Berlin] PHP   1. {main}() /var/www/html/bookShelf/api/books.php:0
[10-Mar-2017 10:50:04 Europe/Berlin] PHP   2. require_once() /var/www/html/bookShelf/api/books.php:2
[10-Mar-2017 10:50:04 Europe/Berlin] PHP Fatal error:  Uncaught Error: Class 'Book' not found in /var/www/html/bookShelf/api/books.php:11
Stack trace:
#0 {main}
  thrown in /var/www/html/bookShelf/api/books.php on line 11
[10-Mar-2017 10:50:29 Europe/Berlin] PHP Notice:  Use of undefined constant Message - assumed 'Message' in /var/www/html/bookShelf/api/src/config.php on line 30
[10-Mar-2017 10:50:29 Europe/Berlin] PHP Stack trace:
[10-Mar-2017 10:50:29 Europe/Berlin] PHP   1. {main}() /var/www/html/bookShelf/api/books.php:0
[10-Mar-2017 10:50:29 Europe/Berlin] PHP   2. require_once() /var/www/html/bookShelf/api/books.php:2
[10-Mar-2017 10:50:29 Europe/Berlin] PHP Fatal error:  Uncaught Error: Class 'Book' not found in /var/www/html/bookShelf/api/books.php:11
Stack trace:
#0 {main}
  thrown in /var/www/html/bookShelf/api/books.php on line 11
[10-Mar-2017 10:52:48 Europe/Berlin] PHP Warning:  require_once(/var/www/html/bookShelf/api/srcautoLoader.php): failed to open stream: No such file or directory in /var/www/html/bookShelf/api/src/config.php on line 6
[10-Mar-2017 10:52:48 Europe/Berlin] PHP Stack trace:
[10-Mar-2017 10:52:48 Europe/Berlin] PHP   1. {main}() /var/www/html/bookShelf/api/books.php:0
[10-Mar-2017 10:52:48 Europe/Berlin] PHP   2. require_once() /var/www/html/bookShelf/api/books.php:2
[10-Mar-2017 10:52:48 Europe/Berlin] PHP Fatal error:  require_once(): Failed opening required '/var/www/html/bookShelf/api/srcautoLoader.php' (include_path='.:/usr/share/php') in /var/www/html/bookShelf/api/src/config.php on line 6
[10-Mar-2017 10:52:48 Europe/Berlin] PHP Stack trace:
[10-Mar-2017 10:52:48 Europe/Berlin] PHP   1. {main}() /var/www/html/bookShelf/api/books.php:0
[10-Mar-2017 10:52:48 Europe/Berlin] PHP   2. require_once() /var/www/html/bookShelf/api/books.php:2
[10-Mar-2017 10:53:15 Europe/Berlin] PHP Warning:  require_once(/var/www/html/bookShelf/api/srcautoLoader.php): failed to open stream: No such file or directory in /var/www/html/bookShelf/api/src/config.php on line 6
[10-Mar-2017 10:53:15 Europe/Berlin] PHP Stack trace:
[10-Mar-2017 10:53:15 Europe/Berlin] PHP   1. {main}() /var/www/html/bookShelf/api/books.php:0
[10-Mar-2017 10:53:15 Europe/Berlin] PHP   2. require_once() /var/www/html/bookShelf/api/books.php:2
[10-Mar-2017 10:53:15 Europe/Berlin] PHP Fatal error:  require_once(): Failed opening required '/var/www/html/bookShelf/api/srcautoLoader.php' (include_path='.:/usr/share/php') in /var/www/html/bookShelf/api/src/config.php on line 6
[10-Mar-2017 10:53:15 Europe/Berlin] PHP Stack trace:
[10-Mar-2017 10:53:15 Europe/Berlin] PHP   1. {main}() /var/www/html/bookShelf/api/books.php:0
[10-Mar-2017 10:53:15 Europe/Berlin] PHP   2. require_once() /var/www/html/bookShelf/api/books.php:2
[10-Mar-2017 10:54:45 Europe/Berlin] PHP Warning:  require_once(/var/www/html/bookShelf/api/srcautoLoader.php): failed to open stream: No such file or directory in /var/www/html/bookShelf/api/src/config.php on line 6
[10-Mar-2017 10:54:45 Europe/Berlin] PHP Stack trace:
[10-Mar-2017 10:54:45 Europe/Berlin] PHP   1. {main}() /var/www/html/bookShelf/index.php:0
[10-Mar-2017 10:54:45 Europe/Berlin] PHP   2. require_once() /var/www/html/bookShelf/index.php:2
[10-Mar-2017 10:54:45 Europe/Berlin] PHP Fatal error:  require_once(): Failed opening required '/var/www/html/bookShelf/api/srcautoLoader.php' (include_path='.:/usr/share/php') in /var/www/html/bookShelf/api/src/config.php on line 6
[10-Mar-2017 10:54:45 Europe/Berlin] PHP Stack trace:
[10-Mar-2017 10:54:45 Europe/Berlin] PHP   1. {main}() /var/www/html/bookShelf/index.php:0
[10-Mar-2017 10:54:45 Europe/Berlin] PHP   2. require_once() /var/www/html/bookShelf/index.php:2
[10-Mar-2017 10:54:46 Europe/Berlin] PHP Warning:  require_once(/var/www/html/bookShelf/api/srcautoLoader.php): failed to open stream: No such file or directory in /var/www/html/bookShelf/api/src/config.php on line 6
[10-Mar-2017 10:54:46 Europe/Berlin] PHP Stack trace:
[10-Mar-2017 10:54:46 Europe/Berlin] PHP   1. {main}() /var/www/html/bookShelf/index.php:0
[10-Mar-2017 10:54:46 Europe/Berlin] PHP   2. require_once() /var/www/html/bookShelf/index.php:2
[10-Mar-2017 10:54:46 Europe/Berlin] PHP Fatal error:  require_once(): Failed opening required '/var/www/html/bookShelf/api/srcautoLoader.php' (include_path='.:/usr/share/php') in /var/www/html/bookShelf/api/src/config.php on line 6
[10-Mar-2017 10:54:46 Europe/Berlin] PHP Stack trace:
[10-Mar-2017 10:54:46 Europe/Berlin] PHP   1. {main}() /var/www/html/bookShelf/index.php:0
[10-Mar-2017 10:54:46 Europe/Berlin] PHP   2. require_once() /var/www/html/bookShelf/index.php:2
[10-Mar-2017 10:54:46 Europe/Berlin] PHP Warning:  require_once(/var/www/html/bookShelf/api/srcautoLoader.php): failed to open stream: No such file or directory in /var/www/html/bookShelf/api/src/config.php on line 6
[10-Mar-2017 10:54:46 Europe/Berlin] PHP Stack trace:
[10-Mar-2017 10:54:46 Europe/Berlin] PHP   1. {main}() /var/www/html/bookShelf/index.php:0
[10-Mar-2017 10:54:46 Europe/Berlin] PHP   2. require_once() /var/www/html/bookShelf/index.php:2
[10-Mar-2017 10:54:46 Europe/Berlin] PHP Fatal error:  require_once(): Failed opening required '/var/www/html/bookShelf/api/srcautoLoader.php' (include_path='.:/usr/share/php') in /var/www/html/bookShelf/api/src/config.php on line 6
[10-Mar-2017 10:54:46 Europe/Berlin] PHP Stack trace:
[10-Mar-2017 10:54:46 Europe/Berlin] PHP   1. {main}() /var/www/html/bookShelf/index.php:0
[10-Mar-2017 10:54:46 Europe/Berlin] PHP   2. require_once() /var/www/html/bookShelf/index.php:2
[10-Mar-2017 10:54:46 Europe/Berlin] PHP Warning:  require_once(/var/www/html/bookShelf/api/srcautoLoader.php): failed to open stream: No such file or directory in /var/www/html/bookShelf/api/src/config.php on line 6
[10-Mar-2017 10:54:46 Europe/Berlin] PHP Stack trace:
[10-Mar-2017 10:54:46 Europe/Berlin] PHP   1. {main}() /var/www/html/bookShelf/index.php:0
[10-Mar-2017 10:54:46 Europe/Berlin] PHP   2. require_once() /var/www/html/bookShelf/index.php:2
[10-Mar-2017 10:54:46 Europe/Berlin] PHP Fatal error:  require_once(): Failed opening required '/var/www/html/bookShelf/api/srcautoLoader.php' (include_path='.:/usr/share/php') in /var/www/html/bookShelf/api/src/config.php on line 6
[10-Mar-2017 10:54:46 Europe/Berlin] PHP Stack trace:
[10-Mar-2017 10:54:46 Europe/Berlin] PHP   1. {main}() /var/www/html/bookShelf/index.php:0
[10-Mar-2017 10:54:46 Europe/Berlin] PHP   2. require_once() /var/www/html/bookShelf/index.php:2
[10-Mar-2017 10:54:47 Europe/Berlin] PHP Warning:  require_once(/var/www/html/bookShelf/api/srcautoLoader.php): failed to open stream: No such file or directory in /var/www/html/bookShelf/api/src/config.php on line 6
[10-Mar-2017 10:54:47 Europe/Berlin] PHP Stack trace:
[10-Mar-2017 10:54:47 Europe/Berlin] PHP   1. {main}() /var/www/html/bookShelf/index.php:0
[10-Mar-2017 10:54:47 Europe/Berlin] PHP   2. require_once() /var/www/html/bookShelf/index.php:2
[10-Mar-2017 10:54:47 Europe/Berlin] PHP Fatal error:  require_once(): Failed opening required '/var/www/html/bookShelf/api/srcautoLoader.php' (include_path='.:/usr/share/php') in /var/www/html/bookShelf/api/src/config.php on line 6
[10-Mar-2017 10:54:47 Europe/Berlin] PHP Stack trace:
[10-Mar-2017 10:54:47 Europe/Berlin] PHP   1. {main}() /var/www/html/bookShelf/index.php:0
[10-Mar-2017 10:54:47 Europe/Berlin] PHP   2. require_once() /var/www/html/bookShelf/index.php:2
[10-Mar-2017 10:59:10 Europe/Berlin] PHP Warning:  require_once(/var/www/html/bookShelf/api/srcautoLoader.php): failed to open stream: No such file or directory in /var/www/html/bookShelf/api/src/config.php on line 6
[10-Mar-2017 10:59:10 Europe/Berlin] PHP Stack trace:
[10-Mar-2017 10:59:10 Europe/Berlin] PHP   1. {main}() /var/www/html/bookShelf/api/books.php:0
[10-Mar-2017 10:59:10 Europe/Berlin] PHP   2. require_once() /var/www/html/bookShelf/api/books.php:2
[10-Mar-2017 10:59:10 Europe/Berlin] PHP Fatal error:  require_once(): Failed opening required '/var/www/html/bookShelf/api/srcautoLoader.php' (include_path='.:/usr/share/php') in /var/www/html/bookShelf/api/src/config.php on line 6
[10-Mar-2017 10:59:10 Europe/Berlin] PHP Stack trace:
[10-Mar-2017 10:59:10 Europe/Berlin] PHP   1. {main}() /var/www/html/bookShelf/api/books.php:0
[10-Mar-2017 10:59:10 Europe/Berlin] PHP   2. require_once() /var/www/html/bookShelf/api/books.php:2
[10-Mar-2017 11:00:04 Europe/Berlin] PHP Fatal error:  Uncaught Error: Class 'Book' not found in /var/www/html/bookShelf/api/books.php:10
Stack trace:
#0 {main}
  thrown in /var/www/html/bookShelf/api/books.php on line 10
[10-Mar-2017 11:00:52 Europe/Berlin] PHP Notice:  Use of undefined constant Book - assumed 'Book' in /var/www/html/bookShelf/api/books.php on line 3
[10-Mar-2017 11:00:52 Europe/Berlin] PHP Stack trace:
[10-Mar-2017 11:00:52 Europe/Berlin] PHP   1. {main}() /var/www/html/bookShelf/api/books.php:0
[10-Mar-2017 11:01:35 Europe/Berlin] PHP Warning:  get_class() called without object from outside a class in /var/www/html/bookShelf/api/books.php on line 3
[10-Mar-2017 11:01:35 Europe/Berlin] PHP Stack trace:
[10-Mar-2017 11:01:35 Europe/Berlin] PHP   1. {main}() /var/www/html/bookShelf/api/books.php:0
[10-Mar-2017 11:01:35 Europe/Berlin] PHP   2. get_class() /var/www/html/bookShelf/api/books.php:3
[10-Mar-2017 11:01:45 Europe/Berlin] PHP Fatal error:  Uncaught Error: Class 'Book' not found in /var/www/html/bookShelf/api/books.php:10
Stack trace:
#0 {main}
  thrown in /var/www/html/bookShelf/api/books.php on line 10
[10-Mar-2017 11:20:24 Europe/Berlin] ERROR IN : Message/errorPDO - SQLSTATE[42000]: Syntax error or access violation: 1064 You have an error in your SQL syntax; check the manual that corresponds to your MySQL server version for the right syntax to use near 'desc) VALUES (?, ?, ?)' at line 1
[10-Mar-2017 11:22:19 Europe/Berlin] ERROR IN : Book/addBook - SQLSTATE[42000]: Syntax error or access violation: 1064 You have an error in your SQL syntax; check the manual that corresponds to your MySQL server version for the right syntax to use near 'desc) VALUES (?, ?, ?)' at line 1
[10-Mar-2017 11:25:23 Europe/Berlin] ERROR IN : Book/addBook - SQLSTATE[42000]: Syntax error or access violation: 1064 You have an error in your SQL syntax; check the manual that corresponds to your MySQL server version for the right syntax to use near 'desc) VALUES (?, ?, ?)' at line 1
[10-Mar-2017 11:28:17 Europe/Berlin] ERROR IN : Book/addBook - SQLSTATE[42000]: Syntax error or access violation: 1064 You have an error in your SQL syntax; check the manual that corresponds to your MySQL server version for the right syntax to use near 'desc) VALUES (?, ?, ?)' at line 1
[10-Mar-2017 11:29:52 Europe/Berlin] ERROR IN : Book/addBook - SQLSTATE[42000]: Syntax error or access violation: 1064 You have an error in your SQL syntax; check the manual that corresponds to your MySQL server version for the right syntax to use near 'desc) VALUES (?, ?, ?)' at line 1
[10-Mar-2017 11:31:07 Europe/Berlin] ERROR IN : Book/addBook - SQLSTATE[42000]: Syntax error or access violation: 1064 You have an error in your SQL syntax; check the manual that corresponds to your MySQL server version for the right syntax to use near 'desc) VALUES (?, ?, ?)' at line 1
[10-Mar-2017 11:32:43 Europe/Berlin] ERROR IN : Book/addBook - SQLSTATE[42000]: Syntax error or access violation: 1064 You have an error in your SQL syntax; check the manual that corresponds to your MySQL server version for the right syntax to use near 'desc) VALUES (?, ?, ?)' at line 1
[10-Mar-2017 11:33:39 Europe/Berlin] ERROR IN : Book/addBook - SQLSTATE[HY093]: Invalid parameter number: parameter was not defined
[10-Mar-2017 11:34:12 Europe/Berlin] ERROR IN : Book/getBookByID - SQLSTATE[HY093]: Invalid parameter number: parameter was not defined
[10-Mar-2017 11:34:48 Europe/Berlin] ERROR IN : Book/addBook - SQLSTATE[42000]: Syntax error or access violation: 1064 You have an error in your SQL syntax; check the manual that corresponds to your MySQL server version for the right syntax to use near 'desc) VALUES (?, ?, ?)' at line 1
[10-Mar-2017 11:37:57 Europe/Berlin] PHP Warning:  Missing argument 2 for Book::deleteBook(), called in /var/www/html/bookShelf/api/books.php on line 26 and defined in /var/www/html/bookShelf/api/src/Class/Book.php on line 89
[10-Mar-2017 11:37:57 Europe/Berlin] PHP Stack trace:
[10-Mar-2017 11:37:57 Europe/Berlin] PHP   1. {main}() /var/www/html/bookShelf/api/books.php:0
[10-Mar-2017 11:37:57 Europe/Berlin] PHP   2. Book->deleteBook() /var/www/html/bookShelf/api/books.php:26
[10-Mar-2017 11:38:10 Europe/Berlin] ERROR IN : Book/getBookByID - SQLSTATE[HY093]: Invalid parameter number: parameter was not defined
[10-Mar-2017 11:38:19 Europe/Berlin] PHP Warning:  Missing argument 2 for Book::deleteBook(), called in /var/www/html/bookShelf/api/books.php on line 26 and defined in /var/www/html/bookShelf/api/src/Class/Book.php on line 89
[10-Mar-2017 11:38:19 Europe/Berlin] PHP Stack trace:
[10-Mar-2017 11:38:19 Europe/Berlin] PHP   1. {main}() /var/www/html/bookShelf/api/books.php:0
[10-Mar-2017 11:38:19 Europe/Berlin] PHP   2. Book->deleteBook() /var/www/html/bookShelf/api/books.php:26
[10-Mar-2017 11:38:24 Europe/Berlin] PHP Warning:  Missing argument 2 for Book::deleteBook(), called in /var/www/html/bookShelf/api/books.php on line 26 and defined in /var/www/html/bookShelf/api/src/Class/Book.php on line 89
[10-Mar-2017 11:38:24 Europe/Berlin] PHP Stack trace:
[10-Mar-2017 11:38:24 Europe/Berlin] PHP   1. {main}() /var/www/html/bookShelf/api/books.php:0
[10-Mar-2017 11:38:24 Europe/Berlin] PHP   2. Book->deleteBook() /var/www/html/bookShelf/api/books.php:26
[10-Mar-2017 11:38:28 Europe/Berlin] PHP Warning:  Missing argument 2 for Book::deleteBook(), called in /var/www/html/bookShelf/api/books.php on line 26 and defined in /var/www/html/bookShelf/api/src/Class/Book.php on line 89
[10-Mar-2017 11:38:28 Europe/Berlin] PHP Stack trace:
[10-Mar-2017 11:38:28 Europe/Berlin] PHP   1. {main}() /var/www/html/bookShelf/api/books.php:0
[10-Mar-2017 11:38:28 Europe/Berlin] PHP   2. Book->deleteBook() /var/www/html/bookShelf/api/books.php:26
[10-Mar-2017 11:39:26 Europe/Berlin] PHP Warning:  Missing argument 2 for Book::deleteBook(), called in /var/www/html/bookShelf/api/books.php on line 26 and defined in /var/www/html/bookShelf/api/src/Class/Book.php on line 89
[10-Mar-2017 11:39:26 Europe/Berlin] PHP Stack trace:
[10-Mar-2017 11:39:26 Europe/Berlin] PHP   1. {main}() /var/www/html/bookShelf/api/books.php:0
[10-Mar-2017 11:39:26 Europe/Berlin] PHP   2. Book->deleteBook() /var/www/html/bookShelf/api/books.php:26
[10-Mar-2017 11:48:16 Europe/Berlin] PHP Notice:  Undefined index: title in /var/www/html/bookShelf/api/books.php on line 21
[10-Mar-2017 11:48:16 Europe/Berlin] PHP Stack trace:
[10-Mar-2017 11:48:16 Europe/Berlin] PHP   1. {main}() /var/www/html/bookShelf/api/books.php:0
[10-Mar-2017 11:48:16 Europe/Berlin] PHP Notice:  Undefined index: desc in /var/www/html/bookShelf/api/books.php on line 21
[10-Mar-2017 11:48:16 Europe/Berlin] PHP Stack trace:
[10-Mar-2017 11:48:16 Europe/Berlin] PHP   1. {main}() /var/www/html/bookShelf/api/books.php:0
[10-Mar-2017 11:48:16 Europe/Berlin] SQLSTATE[42000]: Syntax error or access violation: 1064 You have an error in your SQL syntax; check the manual that corresponds to your MySQL server version for the right syntax to use near 'id = ? LIMIT 1' at line 1
[10-Mar-2017 11:58:38 Europe/Berlin] PHP Parse error:  syntax error, unexpected ')' in /var/www/html/bookShelf/api/src/Class/Book.php on line 83
[10-Mar-2017 11:58:40 Europe/Berlin] PHP Parse error:  syntax error, unexpected ')' in /var/www/html/bookShelf/api/src/Class/Book.php on line 83
[10-Mar-2017 12:06:01 Europe/Berlin] PHP Notice:  Undefined index: title in /var/www/html/bookShelf/api/books.php on line 21
[10-Mar-2017 12:06:01 Europe/Berlin] PHP Stack trace:
[10-Mar-2017 12:06:01 Europe/Berlin] PHP   1. {main}() /var/www/html/bookShelf/api/books.php:0
[10-Mar-2017 12:06:01 Europe/Berlin] PHP Notice:  Undefined index: desc in /var/www/html/bookShelf/api/books.php on line 21
[10-Mar-2017 12:06:01 Europe/Berlin] PHP Stack trace:
[10-Mar-2017 12:06:01 Europe/Berlin] PHP   1. {main}() /var/www/html/bookShelf/api/books.php:0
[10-Mar-2017 12:06:01 Europe/Berlin] SQLSTATE[42000]: Syntax error or access violation: 1064 You have an error in your SQL syntax; check the manual that corresponds to your MySQL server version for the right syntax to use near 'id = ? LIMIT 1' at line 1
[10-Mar-2017 12:09:08 Europe/Berlin] PHP Notice:  Undefined index: title in /var/www/html/bookShelf/api/books.php on line 21
[10-Mar-2017 12:09:08 Europe/Berlin] PHP Stack trace:
[10-Mar-2017 12:09:08 Europe/Berlin] PHP   1. {main}() /var/www/html/bookShelf/api/books.php:0
[10-Mar-2017 12:09:08 Europe/Berlin] PHP Notice:  Undefined index: desc in /var/www/html/bookShelf/api/books.php on line 21
[10-Mar-2017 12:09:08 Europe/Berlin] PHP Stack trace:
[10-Mar-2017 12:09:08 Europe/Berlin] PHP   1. {main}() /var/www/html/bookShelf/api/books.php:0
[10-Mar-2017 12:09:08 Europe/Berlin] SQLSTATE[42000]: Syntax error or access violation: 1064 You have an error in your SQL syntax; check the manual that corresponds to your MySQL server version for the right syntax to use near 'id = ? LIMIT 1' at line 1
[10-Mar-2017 12:09:53 Europe/Berlin] PHP Notice:  Undefined index: title in /var/www/html/bookShelf/api/books.php on line 21
[10-Mar-2017 12:09:53 Europe/Berlin] PHP Stack trace:
[10-Mar-2017 12:09:53 Europe/Berlin] PHP   1. {main}() /var/www/html/bookShelf/api/books.php:0
[10-Mar-2017 12:09:53 Europe/Berlin] PHP Notice:  Undefined index: desc in /var/www/html/bookShelf/api/books.php on line 21
[10-Mar-2017 12:09:53 Europe/Berlin] PHP Stack trace:
[10-Mar-2017 12:09:53 Europe/Berlin] PHP   1. {main}() /var/www/html/bookShelf/api/books.php:0
[10-Mar-2017 12:09:53 Europe/Berlin] UPDATE books SET author = :authorWHERE id = :id
[10-Mar-2017 12:09:53 Europe/Berlin] SQLSTATE[42000]: Syntax error or access violation: 1064 You have an error in your SQL syntax; check the manual that corresponds to your MySQL server version for the right syntax to use near 'id = ?' at line 1
[10-Mar-2017 12:10:25 Europe/Berlin] PHP Notice:  Undefined index: title in /var/www/html/bookShelf/api/books.php on line 21
[10-Mar-2017 12:10:25 Europe/Berlin] PHP Stack trace:
[10-Mar-2017 12:10:25 Europe/Berlin] PHP   1. {main}() /var/www/html/bookShelf/api/books.php:0
[10-Mar-2017 12:10:25 Europe/Berlin] PHP Notice:  Undefined index: desc in /var/www/html/bookShelf/api/books.php on line 21
[10-Mar-2017 12:10:25 Europe/Berlin] PHP Stack trace:
[10-Mar-2017 12:10:25 Europe/Berlin] PHP   1. {main}() /var/www/html/bookShelf/api/books.php:0
[10-Mar-2017 12:10:25 Europe/Berlin] SQLSTATE[HY093]: Invalid parameter number: parameter was not defined
[10-Mar-2017 12:11:58 Europe/Berlin] PHP Notice:  Undefined index: title in /var/www/html/bookShelf/api/books.php on line 21
[10-Mar-2017 12:11:58 Europe/Berlin] PHP Stack trace:
[10-Mar-2017 12:11:58 Europe/Berlin] PHP   1. {main}() /var/www/html/bookShelf/api/books.php:0
[10-Mar-2017 12:11:58 Europe/Berlin] PHP Notice:  Undefined index: desc in /var/www/html/bookShelf/api/books.php on line 21
[10-Mar-2017 12:11:58 Europe/Berlin] PHP Stack trace:
[10-Mar-2017 12:11:58 Europe/Berlin] PHP   1. {main}() /var/www/html/bookShelf/api/books.php:0
[10-Mar-2017 12:11:58 Europe/Berlin] SQLSTATE[HY093]: Invalid parameter number: parameter was not defined
[10-Mar-2017 12:13:17 Europe/Berlin] PHP Notice:  Undefined index: title in /var/www/html/bookShelf/api/books.php on line 21
[10-Mar-2017 12:13:17 Europe/Berlin] PHP Stack trace:
[10-Mar-2017 12:13:17 Europe/Berlin] PHP   1. {main}() /var/www/html/bookShelf/api/books.php:0
[10-Mar-2017 12:13:17 Europe/Berlin] PHP Notice:  Undefined index: desc in /var/www/html/bookShelf/api/books.php on line 21
[10-Mar-2017 12:13:17 Europe/Berlin] PHP Stack trace:
[10-Mar-2017 12:13:17 Europe/Berlin] PHP   1. {main}() /var/www/html/bookShelf/api/books.php:0
[10-Mar-2017 12:13:26 Europe/Berlin] PHP Notice:  Undefined index: title in /var/www/html/bookShelf/api/books.php on line 21
[10-Mar-2017 12:13:26 Europe/Berlin] PHP Stack trace:
[10-Mar-2017 12:13:26 Europe/Berlin] PHP   1. {main}() /var/www/html/bookShelf/api/books.php:0
[10-Mar-2017 12:13:26 Europe/Berlin] PHP Notice:  Undefined index: desc in /var/www/html/bookShelf/api/books.php on line 21
[10-Mar-2017 12:13:26 Europe/Berlin] PHP Stack trace:
[10-Mar-2017 12:13:26 Europe/Berlin] PHP   1. {main}() /var/www/html/bookShelf/api/books.php:0
[10-Mar-2017 12:20:56 Europe/Berlin] PHP Notice:  Undefined index: editTitle in /var/www/html/bookShelf/api/books.php on line 21
[10-Mar-2017 12:20:56 Europe/Berlin] PHP Stack trace:
[10-Mar-2017 12:20:56 Europe/Berlin] PHP   1. {main}() /var/www/html/bookShelf/api/books.php:0
[10-Mar-2017 12:20:56 Europe/Berlin] PHP Notice:  Undefined index: editAuthor in /var/www/html/bookShelf/api/books.php on line 21
[10-Mar-2017 12:20:56 Europe/Berlin] PHP Stack trace:
[10-Mar-2017 12:20:56 Europe/Berlin] PHP   1. {main}() /var/www/html/bookShelf/api/books.php:0
[10-Mar-2017 12:20:56 Europe/Berlin] PHP Notice:  Undefined index: editDesc in /var/www/html/bookShelf/api/books.php on line 21
[10-Mar-2017 12:20:56 Europe/Berlin] PHP Stack trace:
[10-Mar-2017 12:20:56 Europe/Berlin] PHP   1. {main}() /var/www/html/bookShelf/api/books.php:0
[10-Mar-2017 12:20:56 Europe/Berlin] ERROR IN : Book/updateBook - SQLSTATE[42000]: Syntax error or access violation: 1064 You have an error in your SQL syntax; check the manual that corresponds to your MySQL server version for the right syntax to use near 'WHERE id = ? LIMIT 1' at line 1
[10-Mar-2017 12:21:06 Europe/Berlin] PHP Notice:  Undefined index: editTitle in /var/www/html/bookShelf/api/books.php on line 21
[10-Mar-2017 12:21:06 Europe/Berlin] PHP Stack trace:
[10-Mar-2017 12:21:06 Europe/Berlin] PHP   1. {main}() /var/www/html/bookShelf/api/books.php:0
[10-Mar-2017 12:21:06 Europe/Berlin] PHP Notice:  Undefined index: editAuthor in /var/www/html/bookShelf/api/books.php on line 21
[10-Mar-2017 12:21:06 Europe/Berlin] PHP Stack trace:
[10-Mar-2017 12:21:06 Europe/Berlin] PHP   1. {main}() /var/www/html/bookShelf/api/books.php:0
[10-Mar-2017 12:21:06 Europe/Berlin] PHP Notice:  Undefined index: editDesc in /var/www/html/bookShelf/api/books.php on line 21
[10-Mar-2017 12:21:06 Europe/Berlin] PHP Stack trace:
[10-Mar-2017 12:21:06 Europe/Berlin] PHP   1. {main}() /var/www/html/bookShelf/api/books.php:0
[10-Mar-2017 12:21:06 Europe/Berlin] ERROR IN : Book/updateBook - SQLSTATE[42000]: Syntax error or access violation: 1064 You have an error in your SQL syntax; check the manual that corresponds to your MySQL server version for the right syntax to use near 'WHERE id = ? LIMIT 1' at line 1
[10-Mar-2017 12:22:04 Europe/Berlin] PHP Notice:  Undefined index: editTitle in /var/www/html/bookShelf/api/books.php on line 21
[10-Mar-2017 12:22:04 Europe/Berlin] PHP Stack trace:
[10-Mar-2017 12:22:04 Europe/Berlin] PHP   1. {main}() /var/www/html/bookShelf/api/books.php:0
[10-Mar-2017 12:22:04 Europe/Berlin] PHP Notice:  Undefined index: editAuthor in /var/www/html/bookShelf/api/books.php on line 21
[10-Mar-2017 12:22:04 Europe/Berlin] PHP Stack trace:
[10-Mar-2017 12:22:04 Europe/Berlin] PHP   1. {main}() /var/www/html/bookShelf/api/books.php:0
[10-Mar-2017 12:22:04 Europe/Berlin] PHP Notice:  Undefined index: editDesc in /var/www/html/bookShelf/api/books.php on line 21
[10-Mar-2017 12:22:04 Europe/Berlin] PHP Stack trace:
[10-Mar-2017 12:22:04 Europe/Berlin] PHP   1. {main}() /var/www/html/bookShelf/api/books.php:0
[10-Mar-2017 12:22:04 Europe/Berlin] ERROR IN : Book/updateBook - SQLSTATE[42000]: Syntax error or access violation: 1064 You have an error in your SQL syntax; check the manual that corresponds to your MySQL server version for the right syntax to use near 'WHERE id = ? LIMIT 1' at line 1
[10-Mar-2017 12:25:01 Europe/Berlin] PHP Notice:  Undefined index: editTitle in /var/www/html/bookShelf/api/books.php on line 21
[10-Mar-2017 12:25:01 Europe/Berlin] PHP Stack trace:
[10-Mar-2017 12:25:01 Europe/Berlin] PHP   1. {main}() /var/www/html/bookShelf/api/books.php:0
[10-Mar-2017 12:25:01 Europe/Berlin] PHP Notice:  Undefined index: editAuthor in /var/www/html/bookShelf/api/books.php on line 21
[10-Mar-2017 12:25:01 Europe/Berlin] PHP Stack trace:
[10-Mar-2017 12:25:01 Europe/Berlin] PHP   1. {main}() /var/www/html/bookShelf/api/books.php:0
[10-Mar-2017 12:25:01 Europe/Berlin] PHP Notice:  Undefined index: editDesc in /var/www/html/bookShelf/api/books.php on line 21
[10-Mar-2017 12:25:01 Europe/Berlin] PHP Stack trace:
[10-Mar-2017 12:25:01 Europe/Berlin] PHP   1. {main}() /var/www/html/bookShelf/api/books.php:0
[10-Mar-2017 12:25:01 Europe/Berlin] ERROR IN : Book/updateBook - SQLSTATE[42000]: Syntax error or access violation: 1064 You have an error in your SQL syntax; check the manual that corresponds to your MySQL server version for the right syntax to use near 'WHERE id = ? LIMIT 1' at line 1
[10-Mar-2017 12:30:03 Europe/Berlin] PHP Notice:  Undefined index: editTitle in /var/www/html/bookShelf/api/books.php on line 21
[10-Mar-2017 12:30:03 Europe/Berlin] PHP Stack trace:
[10-Mar-2017 12:30:03 Europe/Berlin] PHP   1. {main}() /var/www/html/bookShelf/api/books.php:0
[10-Mar-2017 12:30:03 Europe/Berlin] PHP Notice:  Undefined index: editAuthor in /var/www/html/bookShelf/api/books.php on line 21
[10-Mar-2017 12:30:03 Europe/Berlin] PHP Stack trace:
[10-Mar-2017 12:30:03 Europe/Berlin] PHP   1. {main}() /var/www/html/bookShelf/api/books.php:0
[10-Mar-2017 12:30:03 Europe/Berlin] PHP Notice:  Undefined index: editDesc in /var/www/html/bookShelf/api/books.php on line 21
[10-Mar-2017 12:30:03 Europe/Berlin] PHP Stack trace:
[10-Mar-2017 12:30:03 Europe/Berlin] PHP   1. {main}() /var/www/html/bookShelf/api/books.php:0
[10-Mar-2017 12:30:03 Europe/Berlin] UPDATE books SET  WHERE id = :id LIMIT 1

[10-Mar-2017 12:30:03 Europe/Berlin] ERROR IN : Book/updateBook - SQLSTATE[42000]: Syntax error or access violation: 1064 You have an error in your SQL syntax; check the manual that corresponds to your MySQL server version for the right syntax to use near 'WHERE id = ? LIMIT 1' at line 1
[10-Mar-2017 12:30:42 Europe/Berlin] PHP Notice:  Undefined index: editTitle in /var/www/html/bookShelf/api/books.php on line 21
[10-Mar-2017 12:30:42 Europe/Berlin] PHP Stack trace:
[10-Mar-2017 12:30:42 Europe/Berlin] PHP   1. {main}() /var/www/html/bookShelf/api/books.php:0
[10-Mar-2017 12:30:42 Europe/Berlin] PHP Notice:  Undefined index: editAuthor in /var/www/html/bookShelf/api/books.php on line 21
[10-Mar-2017 12:30:42 Europe/Berlin] PHP Stack trace:
[10-Mar-2017 12:30:42 Europe/Berlin] PHP   1. {main}() /var/www/html/bookShelf/api/books.php:0
[10-Mar-2017 12:30:42 Europe/Berlin] PHP Notice:  Undefined index: editDesc in /var/www/html/bookShelf/api/books.php on line 21
[10-Mar-2017 12:30:42 Europe/Berlin] PHP Stack trace:
[10-Mar-2017 12:30:42 Europe/Berlin] PHP   1. {main}() /var/www/html/bookShelf/api/books.php:0
[10-Mar-2017 12:30:42 Europe/Berlin] UPDATE books SET  WHERE id = :id LIMIT 1

[10-Mar-2017 12:30:42 Europe/Berlin] ERROR IN : Book/updateBook - SQLSTATE[42000]: Syntax error or access violation: 1064 You have an error in your SQL syntax; check the manual that corresponds to your MySQL server version for the right syntax to use near 'WHERE id = ? LIMIT 1' at line 1
[10-Mar-2017 12:31:22 Europe/Berlin] PHP Notice:  Undefined index: editTitle in /var/www/html/bookShelf/api/books.php on line 22
[10-Mar-2017 12:31:22 Europe/Berlin] PHP Stack trace:
[10-Mar-2017 12:31:22 Europe/Berlin] PHP   1. {main}() /var/www/html/bookShelf/api/books.php:0
[10-Mar-2017 12:31:22 Europe/Berlin] PHP Notice:  Undefined index: editAuthor in /var/www/html/bookShelf/api/books.php on line 22
[10-Mar-2017 12:31:22 Europe/Berlin] PHP Stack trace:
[10-Mar-2017 12:31:22 Europe/Berlin] PHP   1. {main}() /var/www/html/bookShelf/api/books.php:0
[10-Mar-2017 12:31:22 Europe/Berlin] PHP Notice:  Undefined index: editDesc in /var/www/html/bookShelf/api/books.php on line 22
[10-Mar-2017 12:31:22 Europe/Berlin] PHP Stack trace:
[10-Mar-2017 12:31:22 Europe/Berlin] PHP   1. {main}() /var/www/html/bookShelf/api/books.php:0
[10-Mar-2017 12:31:22 Europe/Berlin] UPDATE books SET  WHERE id = :id LIMIT 1

[10-Mar-2017 12:31:22 Europe/Berlin] ERROR IN : Book/updateBook - SQLSTATE[42000]: Syntax error or access violation: 1064 You have an error in your SQL syntax; check the manual that corresponds to your MySQL server version for the right syntax to use near 'WHERE id = ? LIMIT 1' at line 1
[10-Mar-2017 12:32:48 Europe/Berlin] PHP Notice:  Undefined index: title in /var/www/html/bookShelf/api/books.php on line 22
[10-Mar-2017 12:32:48 Europe/Berlin] PHP Stack trace:
[10-Mar-2017 12:32:48 Europe/Berlin] PHP   1. {main}() /var/www/html/bookShelf/api/books.php:0
[10-Mar-2017 12:32:48 Europe/Berlin] PHP Notice:  Undefined index: desc in /var/www/html/bookShelf/api/books.php on line 22
[10-Mar-2017 12:32:48 Europe/Berlin] PHP Stack trace:
[10-Mar-2017 12:32:48 Europe/Berlin] PHP   1. {main}() /var/www/html/bookShelf/api/books.php:0
[10-Mar-2017 12:32:48 Europe/Berlin] UPDATE books SET author = :author WHERE id = :id LIMIT 1

[10-Mar-2017 12:32:48 Europe/Berlin] PHP Fatal error:  Uncaught Error: Call to a member function lastInsertId() on null in /var/www/html/bookShelf/api/src/Class/Book.php:93
Stack trace:
#0 /var/www/html/bookShelf/api/books.php(22): Book->updateBook('2', NULL, 'Joanne Kathleen...', NULL)
#1 {main}
  thrown in /var/www/html/bookShelf/api/src/Class/Book.php on line 93
[10-Mar-2017 12:34:28 Europe/Berlin] PHP Notice:  Undefined index: desc in /var/www/html/bookShelf/api/books.php on line 22
[10-Mar-2017 12:34:28 Europe/Berlin] PHP Stack trace:
[10-Mar-2017 12:34:28 Europe/Berlin] PHP   1. {main}() /var/www/html/bookShelf/api/books.php:0
[10-Mar-2017 12:34:28 Europe/Berlin] UPDATE books SET title = :title, author = :author WHERE id = :id LIMIT 1

[10-Mar-2017 12:34:28 Europe/Berlin] PHP Fatal error:  Uncaught Error: Call to a member function lastInsertId() on null in /var/www/html/bookShelf/api/src/Class/Book.php:93
Stack trace:
#0 /var/www/html/bookShelf/api/books.php(22): Book->updateBook('2', 'Harry Potter i ...', 'Joanne Kathleen...', NULL)
#1 {main}
  thrown in /var/www/html/bookShelf/api/src/Class/Book.php on line 93
[10-Mar-2017 12:35:22 Europe/Berlin] PHP Notice:  Undefined index: description in /var/www/html/bookShelf/api/books.php on line 21
[10-Mar-2017 12:35:22 Europe/Berlin] PHP Stack trace:
[10-Mar-2017 12:35:22 Europe/Berlin] PHP   1. {main}() /var/www/html/bookShelf/api/books.php:0
[10-Mar-2017 12:35:22 Europe/Berlin] UPDATE books SET title = :title, author = :author WHERE id = :id LIMIT 1

[10-Mar-2017 12:35:22 Europe/Berlin] PHP Fatal error:  Uncaught Error: Call to a member function lastInsertId() on null in /var/www/html/bookShelf/api/src/Class/Book.php:93
Stack trace:
#0 /var/www/html/bookShelf/api/books.php(21): Book->updateBook('2', 'Harry Potter i ...', 'Joanne Kathleen...', NULL)
#1 {main}
  thrown in /var/www/html/bookShelf/api/src/Class/Book.php on line 93
[10-Mar-2017 12:36:37 Europe/Berlin] UPDATE books SET title = :title, author = :author, description = :desc WHERE id = :id LIMIT 1

[10-Mar-2017 12:36:37 Europe/Berlin] ERROR IN : Book/updateBook - SQLSTATE[HY093]: Invalid parameter number: parameter was not defined
[10-Mar-2017 13:03:30 Europe/Berlin] UPDATE books SET title = :title, author = :author, description = :desc WHERE id = :id LIMIT 1

[10-Mar-2017 13:03:30 Europe/Berlin] ERROR IN : Book/updateBook - SQLSTATE[HY093]: Invalid parameter number: parameter was not defined
[10-Mar-2017 13:05:28 Europe/Berlin] ERROR IN : Book/updateBook - SQLSTATE[HY093]: Invalid parameter number: parameter was not defined
[10-Mar-2017 13:05:52 Europe/Berlin] ERROR IN : Book/updateBook - SQLSTATE[HY093]: Invalid parameter number: parameter was not defined
[10-Mar-2017 13:06:21 Europe/Berlin] ERROR IN : Book/updateBook - SQLSTATE[HY093]: Invalid parameter number: parameter was not defined
[10-Mar-2017 13:07:06 Europe/Berlin] ERROR IN : Book/updateBook - SQLSTATE[HY093]: Invalid parameter number: parameter was not defined
[10-Mar-2017 13:07:51 Europe/Berlin] ERROR IN : Book/updateBook - SQLSTATE[HY093]: Invalid parameter number: parameter was not defined
[10-Mar-2017 13:08:54 Europe/Berlin] ERROR IN : Book/updateBook - SQLSTATE[HY093]: Invalid parameter number: parameter was not defined
[10-Mar-2017 13:09:23 Europe/Berlin] ERROR IN : Book/updateBook - SQLSTATE[HY093]: Invalid parameter number: parameter was not defined
[10-Mar-2017 13:09:49 Europe/Berlin] ERROR IN : Book/updateBook - SQLSTATE[HY093]: Invalid parameter number: parameter was not defined
[10-Mar-2017 13:10:25 Europe/Berlin] ERROR IN : Book/updateBook - SQLSTATE[HY093]: Invalid parameter number: parameter was not defined
[10-Mar-2017 13:10:54 Europe/Berlin] PHP Fatal error:  Uncaught Error: Call to undefined method PDOStatement::queryString() in /var/www/html/bookShelf/api/src/Class/Book.php:75
Stack trace:
#0 /var/www/html/bookShelf/api/books.php(21): Book->updateBook('2', 'Harry Potter i ...', 'Joanne Kathleen...', 'Harry Potter, s...')
#1 {main}
  thrown in /var/www/html/bookShelf/api/src/Class/Book.php on line 75
[10-Mar-2017 13:11:36 Europe/Berlin] ERROR IN : Book/updateBook - SQLSTATE[HY093]: Invalid parameter number: parameter was not defined
[10-Mar-2017 13:12:19 Europe/Berlin] ERROR IN : Book/updateBook - SQLSTATE[HY093]: Invalid parameter number: parameter was not defined
[10-Mar-2017 13:13:08 Europe/Berlin] PHP Fatal error:  Uncaught Error: Cannot pass parameter 2 by reference in /var/www/html/bookShelf/api/src/Class/Book.php:38
Stack trace:
#0 /var/www/html/bookShelf/api/books.php(11): Book->getBookByID(NULL, NULL)
#1 {main}
  thrown in /var/www/html/bookShelf/api/src/Class/Book.php on line 38
[10-Mar-2017 13:13:09 Europe/Berlin] PHP Fatal error:  Uncaught Error: Cannot pass parameter 2 by reference in /var/www/html/bookShelf/api/src/Class/Book.php:38
Stack trace:
#0 /var/www/html/bookShelf/api/books.php(11): Book->getBookByID(NULL, NULL)
#1 {main}
  thrown in /var/www/html/bookShelf/api/src/Class/Book.php on line 38
[10-Mar-2017 13:13:30 Europe/Berlin] ERROR IN : Book/updateBook - SQLSTATE[HY093]: Invalid parameter number: parameter was not defined
[10-Mar-2017 13:14:44 Europe/Berlin] ERROR IN : Book/updateBook - SQLSTATE[HY093]: Invalid parameter number: parameter was not defined
[10-Mar-2017 13:15:43 Europe/Berlin] PHP Fatal error:  Uncaught Error: Call to a member function lastInsertId() on null in /var/www/html/bookShelf/api/src/Class/Book.php:82
Stack trace:
#0 /var/www/html/bookShelf/api/books.php(21): Book->updateBook('2', 'Harry Potter i ...', 'Joanne Kathleen...', 'Harry Potter, s...')
#1 {main}
  thrown in /var/www/html/bookShelf/api/src/Class/Book.php on line 82
[10-Mar-2017 13:17:14 Europe/Berlin] PHP Fatal error:  Uncaught Error: Call to a member function lastInsertId() on null in /var/www/html/bookShelf/api/src/Class/Book.php:82
Stack trace:
#0 /var/www/html/bookShelf/api/books.php(21): Book->updateBook('4', 'Metro 2033', 'Dmitry Glukhovs...', 'Nowe wydanie pi...')
#1 {main}
  thrown in /var/www/html/bookShelf/api/src/Class/Book.php on line 82
[10-Mar-2017 13:17:45 Europe/Berlin] PHP Fatal error:  Uncaught Error: Call to a member function prepare() on null in /var/www/html/bookShelf/api/src/Class/Book.php:36
Stack trace:
#0 /var/www/html/bookShelf/api/src/Class/Book.php(83): Book->getBookByID('0')
#1 /var/www/html/bookShelf/api/books.php(21): Book->updateBook('2', 'Harry Potter i ...', 'Joanne Kathleen...', 'Harry Potter, s...')
#2 {main}
  thrown in /var/www/html/bookShelf/api/src/Class/Book.php on line 36
[10-Mar-2017 13:18:18 Europe/Berlin] PHP Fatal error:  Uncaught Error: Call to a member function prepare() on null in /var/www/html/bookShelf/api/src/Class/Book.php:36
Stack trace:
#0 /var/www/html/bookShelf/api/src/Class/Book.php(84): Book->getBookByID('0')
#1 /var/www/html/bookShelf/api/books.php(21): Book->updateBook('2', 'Harry Potter i ...', 'Joanne Kathleen...', 'Harry Potter, s...')
#2 {main}
  thrown in /var/www/html/bookShelf/api/src/Class/Book.php on line 36
[10-Mar-2017 13:20:43 Europe/Berlin] PHP Fatal error:  Uncaught Error: Call to a member function prepare() on null in /var/www/html/bookShelf/api/src/Class/Book.php:36
Stack trace:
#0 /var/www/html/bookShelf/api/src/Class/Book.php(84): Book->getBookByID('0')
#1 /var/www/html/bookShelf/api/books.php(21): Book->updateBook('4', 'Metro 2033', 'Dmitry Glukhovs...', 'Nowe wydanie pi...')
#2 {main}
  thrown in /var/www/html/bookShelf/api/src/Class/Book.php on line 36
[10-Mar-2017 13:21:52 Europe/Berlin] PHP Fatal error:  Uncaught Error: Call to a member function prepare() on null in /var/www/html/bookShelf/api/src/Class/Book.php:36
Stack trace:
#0 /var/www/html/bookShelf/api/src/Class/Book.php(82): Book->getBookByID('2')
#1 /var/www/html/bookShelf/api/books.php(21): Book->updateBook('2', 'Harry Potter i ...', 'Joanne Kathleen...', 'Harry Potter, s...')
#2 {main}
  thrown in /var/www/html/bookShelf/api/src/Class/Book.php on line 36
[10-Mar-2017 13:23:23 Europe/Berlin] ERROR IN : Book/getBookByID - SQLSTATE[HY093]: Invalid parameter number: parameter was not defined
[10-Mar-2017 13:24:31 Europe/Berlin] SELECT * FROM books
[10-Mar-2017 13:24:33 Europe/Berlin] SELECT * FROM books WHERE id = :id LIMIT :limit
[10-Mar-2017 13:24:59 Europe/Berlin] SELECT * FROM books WHERE id = :id
[10-Mar-2017 13:24:59 Europe/Berlin] ERROR IN : Book/getBookByID - SQLSTATE[HY093]: Invalid parameter number: parameter was not defined
[10-Mar-2017 13:25:45 Europe/Berlin] SELECT * FROM books
[10-Mar-2017 13:25:46 Europe/Berlin] SELECT * FROM books WHERE id = :id LIMIT :limit
[10-Mar-2017 13:25:48 Europe/Berlin] SELECT * FROM books WHERE id = :id LIMIT :limit
[10-Mar-2017 13:25:58 Europe/Berlin] SELECT * FROM books WHERE id = :id LIMIT :limit
[10-Mar-2017 13:26:09 Europe/Berlin] SELECT * FROM books WHERE id = :id LIMIT :limit
[10-Mar-2017 13:28:36 Europe/Berlin] SELECT * FROM books
[10-Mar-2017 13:28:38 Europe/Berlin] SELECT * FROM books WHERE id = :id LIMIT :limit
[10-Mar-2017 13:28:46 Europe/Berlin] SELECT * FROM books WHERE id = :id LIMIT :limit
[10-Mar-2017 13:28:48 Europe/Berlin] SELECT * FROM books WHERE id = :id LIMIT :limit
[10-Mar-2017 13:28:54 Europe/Berlin] SELECT * FROM books WHERE id = :id LIMIT :limit
[10-Mar-2017 13:29:11 Europe/Berlin] SELECT * FROM books WHERE id = :id LIMIT :limit
[10-Mar-2017 13:29:14 Europe/Berlin] SELECT * FROM books WHERE id = :id LIMIT :limit
[10-Mar-2017 13:29:22 Europe/Berlin] SELECT * FROM books
[10-Mar-2017 13:29:24 Europe/Berlin] SELECT * FROM books WHERE id = :id LIMIT :limit
[10-Mar-2017 13:29:28 Europe/Berlin] SELECT * FROM books
